<?xml version="1.0" encoding="UTF-8"?>
<!-- Generated by org.testng.reporters.JUnitReportReporter -->
<testsuite hostname="FAKETAXI" failures="0" tests="3" name="testNg.Using_Depends_On_method" time="0.006" errors="0" timestamp="2025-02-20T09:28:24 IST" skipped="0">
  <testcase classname="testNg.Using_Depends_On_method" name="register" time="0.003">
    <system-out>
      <![CDATA[register]]>
    </system-out>
  </testcase> <!-- register -->
  <testcase classname="testNg.Using_Depends_On_method" name="login" time="0.001">
    <system-out>
      <![CDATA[Login]]>
    </system-out>
  </testcase> <!-- login -->
  <testcase classname="testNg.Using_Depends_On_method" name="create" time="0.002">
    <system-out>
      <![CDATA[Crete]]>
    </system-out>
  </testcase> <!-- create -->
  <system-out>
    <![CDATA[tested Orange
Tested Watermelon
tested Apple
Tested Pineapple
Cat
tested Orange
Tested Watermelon
Tested Watermelon
Tested Watermelon
Tested Watermelon
Tested Watermelon
Tested Watermelon
Tested Watermelon
Tested Watermelon
Tested Watermelon
Tested Watermelon
tested Apple
Testing Guava
Tested Pineapple
apple
apple
apple
Banana
Banana
Banana
Banana
register
Crete
Login]]>
  </system-out>
</testsuite> <!-- testNg.Using_Depends_On_method -->
