<?xml version="1.0" encoding="UTF-8"?>
<!-- Generated by org.testng.reporters.JUnitReportReporter -->
<testsuite hostname="FAKETAXI" failures="0" tests="14" name="testNg.Invocationcount" time="0.024" errors="0" timestamp="2025-02-20T09:28:24 IST" skipped="0">
  <testcase classname="testNg.Invocationcount" name="orange" time="0.004">
    <system-out>
      <![CDATA[tested Orange]]>
    </system-out>
  </testcase> <!-- orange -->
  <testcase classname="testNg.Invocationcount" name="watermelon" time="0.001">
    <system-out>
      <![CDATA[Tested Watermelon]]>
    </system-out>
  </testcase> <!-- watermelon -->
  <testcase classname="testNg.Invocationcount" name="watermelon" time="0.001">
    <system-out>
      <![CDATA[Tested Watermelon]]>
    </system-out>
  </testcase> <!-- watermelon -->
  <testcase classname="testNg.Invocationcount" name="watermelon" time="0.002">
    <system-out>
      <![CDATA[Tested Watermelon]]>
    </system-out>
  </testcase> <!-- watermelon -->
  <testcase classname="testNg.Invocationcount" name="watermelon" time="0.001">
    <system-out>
      <![CDATA[Tested Watermelon]]>
    </system-out>
  </testcase> <!-- watermelon -->
  <testcase classname="testNg.Invocationcount" name="watermelon" time="0.002">
    <system-out>
      <![CDATA[Tested Watermelon]]>
    </system-out>
  </testcase> <!-- watermelon -->
  <testcase classname="testNg.Invocationcount" name="watermelon" time="0.001">
    <system-out>
      <![CDATA[Tested Watermelon]]>
    </system-out>
  </testcase> <!-- watermelon -->
  <testcase classname="testNg.Invocationcount" name="watermelon" time="0.001">
    <system-out>
      <![CDATA[Tested Watermelon]]>
    </system-out>
  </testcase> <!-- watermelon -->
  <testcase classname="testNg.Invocationcount" name="watermelon" time="0.002">
    <system-out>
      <![CDATA[Tested Watermelon]]>
    </system-out>
  </testcase> <!-- watermelon -->
  <testcase classname="testNg.Invocationcount" name="watermelon" time="0.003">
    <system-out>
      <![CDATA[Tested Watermelon]]>
    </system-out>
  </testcase> <!-- watermelon -->
  <testcase classname="testNg.Invocationcount" name="watermelon" time="0.001">
    <system-out>
      <![CDATA[Tested Watermelon]]>
    </system-out>
  </testcase> <!-- watermelon -->
  <testcase classname="testNg.Invocationcount" name="apple" time="0.002">
    <system-out>
      <![CDATA[tested Apple]]>
    </system-out>
  </testcase> <!-- apple -->
  <testcase classname="testNg.Invocationcount" name="guava" time="0.000">
    <system-out>
      <![CDATA[Testing Guava]]>
    </system-out>
  </testcase> <!-- guava -->
  <testcase classname="testNg.Invocationcount" name="pineaple" time="0.003">
    <system-out>
      <![CDATA[Tested Pineapple]]>
    </system-out>
  </testcase> <!-- pineaple -->
  <system-out>
    <![CDATA[tested Orange
Tested Watermelon
tested Apple
Tested Pineapple
Cat
tested Orange
Tested Watermelon
Tested Watermelon
Tested Watermelon
Tested Watermelon
Tested Watermelon
Tested Watermelon
Tested Watermelon
Tested Watermelon
Tested Watermelon
Tested Watermelon
tested Apple
Testing Guava
Tested Pineapple
apple
apple
apple
Banana
Banana
Banana
Banana
register
Crete
Login]]>
  </system-out>
</testsuite> <!-- testNg.Invocationcount -->
