<?xml version="1.0" encoding="UTF-8"?>
<!-- Generated by org.testng.reporters.JUnitReportReporter -->
<testsuite hostname="FAKETAXI" failures="0" tests="2" name="testNg.Groupexecution" time="0.020" errors="0" timestamp="2025-02-20T10:08:46 IST" skipped="0">
  <testcase classname="testNg.Groupexecution" name="java" time="0.014">
    <system-out>
      <![CDATA[Smoke testing is done successfully]]>
    </system-out>
  </testcase> <!-- java -->
  <testcase classname="testNg.Groupexecution" name="manual" time="0.006">
    <system-out>
      <![CDATA[Smoke Testing is Done Succefully]]>
    </system-out>
  </testcase> <!-- manual -->
  <system-out>
    <![CDATA[Smoke testing is done successfully
Smoke Testing is Done Succefully]]>
  </system-out>
</testsuite> <!-- testNg.Groupexecution -->
