<?xml version="1.0" encoding="UTF-8"?>
<!-- Generated by org.testng.reporters.JUnitReportReporter -->
<testsuite hostname="FAKETAXI" failures="0" tests="1" name="testNg.GROUPMEESHO" time="9.881" errors="0" timestamp="2025-02-20T21:31:51 IST" skipped="0">
  <testcase classname="testNg.GROUPMEESHO" name="meesho" time="9.881"/>
</testsuite> <!-- testNg.GROUPMEESHO -->
